<?xml version="1.0" encoding="UTF-8"?>
<!-- Generated by org.testng.reporters.JUnitReportReporter -->
<testsuite hostname="Cutie" failures="0" tests="2" name="Wipro.TestNG.TESTCASE" time="17.262" errors="0" timestamp="2025-08-25T23:31:21 IST" skipped="0">
  <testcase classname="Wipro.TestNG.TESTCASE" name="login" time="12.420"/>
  <testcase classname="Wipro.TestNG.TESTCASE" name="testcheckbox" time="4.842"/>
</testsuite> <!-- Wipro.TestNG.TESTCASE -->
