<?xml version="1.0" encoding="UTF-8"?>
<!-- Generated by org.testng.reporters.JUnitReportReporter -->
<testsuite hostname="Cutie" failures="0" tests="3" name="Wipro.TestNG.labsession16august_Q1" time="0.005" errors="0" timestamp="2025-08-25T11:09:54 IST" skipped="0">
  <testcase classname="Wipro.TestNG.labsession16august_Q1" name="loginTest" time="0.004"/>
  <testcase classname="Wipro.TestNG.labsession16august_Q1" name="paymentTest" time="0.000"/>
  <testcase classname="Wipro.TestNG.labsession16august_Q1" name="logoutTest" time="0.001"/>
</testsuite> <!-- Wipro.TestNG.labsession16august_Q1 -->
